<?xml version="1.0" encoding="UTF-8" ?>
<testsuite failures="0" time="0.057" errors="0" skipped="0" tests="1" name="tycoonretrievers_QA.edu.buffalo.qa.AppTest">
  <properties>
    <property name="java.runtime.name" value="OpenJDK Runtime Environment"/>
    <property name="sun.boot.library.path" value="/usr/lib/jvm/java-6-openjdk-amd64/jre/lib/amd64"/>
    <property name="java.vm.version" value="20.0-b12"/>
    <property name="java.vm.vendor" value="Sun Microsystems Inc."/>
    <property name="java.vendor.url" value="http://java.sun.com/"/>
    <property name="path.separator" value=":"/>
    <property name="java.vm.name" value="OpenJDK 64-Bit Server VM"/>
    <property name="file.encoding.pkg" value="sun.io"/>
    <property name="user.country" value="US"/>
    <property name="sun.java.launcher" value="SUN_STANDARD"/>
    <property name="sun.os.patch.level" value="unknown"/>
    <property name="java.vm.specification.name" value="Java Virtual Machine Specification"/>
    <property name="user.dir" value="/home/aman/workspace_QA/QA/edu.buffalo.qa"/>
    <property name="java.runtime.version" value="1.6.0_27-b27"/>
    <property name="java.awt.graphicsenv" value="sun.awt.X11GraphicsEnvironment"/>
    <property name="basedir" value="/home/aman/workspace_QA/QA/edu.buffalo.qa"/>
    <property name="java.endorsed.dirs" value="/usr/lib/jvm/java-6-openjdk-amd64/jre/lib/endorsed"/>
    <property name="os.arch" value="amd64"/>
    <property name="surefire.real.class.path" value="/home/aman/workspace_QA/QA/edu.buffalo.qa/target/surefire/surefirebooter2071713726582363559.jar"/>
    <property name="java.io.tmpdir" value="/tmp"/>
    <property name="line.separator" value="
"/>
    <property name="java.vm.specification.vendor" value="Sun Microsystems Inc."/>
    <property name="os.name" value="Linux"/>
    <property name="sun.jnu.encoding" value="UTF-8"/>
    <property name="java.library.path" value="/usr/lib/jvm/java-6-openjdk-amd64/jre/lib/amd64/server:/usr/lib/jvm/java-6-openjdk-amd64/jre/lib/amd64:/usr/lib/jvm/java-6-openjdk-amd64/jre/../lib/amd64:/usr/java/packages/lib/amd64:/usr/lib/x86_64-linux-gnu/jni:/lib/x86_64-linux-gnu:/usr/lib/x86_64-linux-gnu:/usr/lib/jni:/lib:/usr/lib"/>
    <property name="surefire.test.class.path" value="/home/aman/workspace_QA/QA/edu.buffalo.qa/target/test-classes:/home/aman/workspace_QA/QA/edu.buffalo.qa/target/classes:/home/aman/.m2/repository/junit/junit/3.8.1/junit-3.8.1.jar:/home/aman/.m2/repository/org/apache/solr/solr-solrj/4.5.1/solr-solrj-4.5.1.jar:/home/aman/.m2/repository/org/apache/zookeeper/zookeeper/3.4.5/zookeeper-3.4.5.jar:/home/aman/.m2/repository/commons-io/commons-io/2.1/commons-io-2.1.jar:/home/aman/.m2/repository/org/noggit/noggit/0.5/noggit-0.5.jar:/home/aman/.m2/repository/org/apache/httpcomponents/httpclient/4.2.3/httpclient-4.2.3.jar:/home/aman/.m2/repository/org/apache/httpcomponents/httpcore/4.2.2/httpcore-4.2.2.jar:/home/aman/.m2/repository/commons-codec/commons-codec/1.6/commons-codec-1.6.jar:/home/aman/.m2/repository/org/apache/httpcomponents/httpmime/4.2.3/httpmime-4.2.3.jar:/home/aman/.m2/repository/org/codehaus/woodstox/wstx-asl/3.2.7/wstx-asl-3.2.7.jar:/home/aman/.m2/repository/edu/stanford/nlp/stanford-corenlp/3.2.0/stanford-corenlp-3.2.0.jar:/home/aman/.m2/repository/xom/xom/1.2.5/xom-1.2.5.jar:/home/aman/.m2/repository/xml-apis/xml-apis/1.3.03/xml-apis-1.3.03.jar:/home/aman/.m2/repository/xerces/xercesImpl/2.8.0/xercesImpl-2.8.0.jar:/home/aman/.m2/repository/xalan/xalan/2.7.0/xalan-2.7.0.jar:/home/aman/.m2/repository/joda-time/joda-time/2.1/joda-time-2.1.jar:/home/aman/.m2/repository/de/jollyday/jollyday/0.4.7/jollyday-0.4.7.jar:/home/aman/.m2/repository/javax/xml/bind/jaxb-api/2.2.7/jaxb-api-2.2.7.jar:/home/aman/.m2/repository/com/googlecode/efficient-java-matrix-library/ejml/0.19/ejml-0.19.jar:/home/aman/.m2/repository/org/slf4j/slf4j-simple/1.5.6/slf4j-simple-1.5.6.jar:/home/aman/.m2/repository/org/slf4j/slf4j-api/1.5.6/slf4j-api-1.5.6.jar:/home/aman/.m2/repository/commons-logging/commons-logging/1.1.1/commons-logging-1.1.1.jar:"/>
    <property name="java.specification.name" value="Java Platform API Specification"/>
    <property name="java.class.version" value="50.0"/>
    <property name="sun.management.compiler" value="HotSpot 64-Bit Tiered Compilers"/>
    <property name="os.version" value="3.8.0-33-generic"/>
    <property name="user.home" value="/home/aman"/>
    <property name="user.timezone" value=""/>
    <property name="java.awt.printerjob" value="sun.print.PSPrinterJob"/>
    <property name="file.encoding" value="UTF-8"/>
    <property name="java.specification.version" value="1.6"/>
    <property name="user.name" value="aman"/>
    <property name="java.class.path" value="/home/aman/workspace_QA/QA/edu.buffalo.qa/target/test-classes:/home/aman/workspace_QA/QA/edu.buffalo.qa/target/classes:/home/aman/.m2/repository/junit/junit/3.8.1/junit-3.8.1.jar:/home/aman/.m2/repository/org/apache/solr/solr-solrj/4.5.1/solr-solrj-4.5.1.jar:/home/aman/.m2/repository/org/apache/zookeeper/zookeeper/3.4.5/zookeeper-3.4.5.jar:/home/aman/.m2/repository/commons-io/commons-io/2.1/commons-io-2.1.jar:/home/aman/.m2/repository/org/noggit/noggit/0.5/noggit-0.5.jar:/home/aman/.m2/repository/org/apache/httpcomponents/httpclient/4.2.3/httpclient-4.2.3.jar:/home/aman/.m2/repository/org/apache/httpcomponents/httpcore/4.2.2/httpcore-4.2.2.jar:/home/aman/.m2/repository/commons-codec/commons-codec/1.6/commons-codec-1.6.jar:/home/aman/.m2/repository/org/apache/httpcomponents/httpmime/4.2.3/httpmime-4.2.3.jar:/home/aman/.m2/repository/org/codehaus/woodstox/wstx-asl/3.2.7/wstx-asl-3.2.7.jar:/home/aman/.m2/repository/edu/stanford/nlp/stanford-corenlp/3.2.0/stanford-corenlp-3.2.0.jar:/home/aman/.m2/repository/xom/xom/1.2.5/xom-1.2.5.jar:/home/aman/.m2/repository/xml-apis/xml-apis/1.3.03/xml-apis-1.3.03.jar:/home/aman/.m2/repository/xerces/xercesImpl/2.8.0/xercesImpl-2.8.0.jar:/home/aman/.m2/repository/xalan/xalan/2.7.0/xalan-2.7.0.jar:/home/aman/.m2/repository/joda-time/joda-time/2.1/joda-time-2.1.jar:/home/aman/.m2/repository/de/jollyday/jollyday/0.4.7/jollyday-0.4.7.jar:/home/aman/.m2/repository/javax/xml/bind/jaxb-api/2.2.7/jaxb-api-2.2.7.jar:/home/aman/.m2/repository/com/googlecode/efficient-java-matrix-library/ejml/0.19/ejml-0.19.jar:/home/aman/.m2/repository/org/slf4j/slf4j-simple/1.5.6/slf4j-simple-1.5.6.jar:/home/aman/.m2/repository/org/slf4j/slf4j-api/1.5.6/slf4j-api-1.5.6.jar:/home/aman/.m2/repository/commons-logging/commons-logging/1.1.1/commons-logging-1.1.1.jar:"/>
    <property name="java.vm.specification.version" value="1.0"/>
    <property name="sun.arch.data.model" value="64"/>
    <property name="java.home" value="/usr/lib/jvm/java-6-openjdk-amd64/jre"/>
    <property name="sun.java.command" value="/home/aman/workspace_QA/QA/edu.buffalo.qa/target/surefire/surefirebooter2071713726582363559.jar /home/aman/workspace_QA/QA/edu.buffalo.qa/target/surefire/surefire2616186267641636672tmp /home/aman/workspace_QA/QA/edu.buffalo.qa/target/surefire/surefire3770271595590331728tmp"/>
    <property name="java.specification.vendor" value="Sun Microsystems Inc."/>
    <property name="user.language" value="en"/>
    <property name="java.vm.info" value="mixed mode"/>
    <property name="java.version" value="1.6.0_27"/>
    <property name="java.ext.dirs" value="/usr/lib/jvm/java-6-openjdk-amd64/jre/lib/ext:/usr/java/packages/lib/ext"/>
    <property name="sun.boot.class.path" value="/usr/lib/jvm/java-6-openjdk-amd64/jre/lib/resources.jar:/usr/lib/jvm/java-6-openjdk-amd64/jre/lib/rt.jar:/usr/lib/jvm/java-6-openjdk-amd64/jre/lib/sunrsasign.jar:/usr/lib/jvm/java-6-openjdk-amd64/jre/lib/jsse.jar:/usr/lib/jvm/java-6-openjdk-amd64/jre/lib/jce.jar:/usr/lib/jvm/java-6-openjdk-amd64/jre/lib/charsets.jar:/usr/lib/jvm/java-6-openjdk-amd64/jre/lib/netx.jar:/usr/lib/jvm/java-6-openjdk-amd64/jre/lib/plugin.jar:/usr/lib/jvm/java-6-openjdk-amd64/jre/lib/rhino.jar:/usr/lib/jvm/java-6-openjdk-amd64/jre/lib/modules/jdk.boot.jar:/usr/lib/jvm/java-6-openjdk-amd64/jre/classes"/>
    <property name="java.vendor" value="Sun Microsystems Inc."/>
    <property name="localRepository" value="/home/aman/.m2/repository"/>
    <property name="file.separator" value="/"/>
    <property name="java.vendor.url.bug" value="http://java.sun.com/cgi-bin/bugreport.cgi"/>
    <property name="sun.cpu.endian" value="little"/>
    <property name="sun.io.unicode.encoding" value="UnicodeLittle"/>
    <property name="sun.desktop" value="gnome"/>
    <property name="sun.cpu.isalist" value=""/>
  </properties>
  <testcase time="0.006" classname="tycoonretrievers_QA.edu.buffalo.qa.AppTest" name="testApp"/>
</testsuite>